<?xml version="1.0" encoding="UTF-8"?>
<!-- Generated by org.testng.reporters.JUnitXMLReporter -->
<testsuite hostname="Ashok" ignored="0" name="Default test" tests="3" failures="0" timestamp="28 May 2019 16:06:20 GMT" time="89.24" errors="0">
  <testcase name="Test1" time="27.712" classname="com.raisin.demo.tests.RaisinTests"/>
  <testcase name="Test2" time="30.402" classname="com.raisin.demo.tests.RaisinTests"/>
  <testcase name="Test3" time="25.377" classname="com.raisin.demo.tests.RaisinTests"/>
</testsuite> <!-- Default test -->
